mode: atomic
github.com/aaravmahajanofficial/scalable-ecommerce-platform/internal/api/middleware/auth_middleware.go:26.55,28.2 1 2
github.com/aaravmahajanofficial/scalable-ecommerce-platform/internal/api/middleware/auth_middleware.go:30.75,31.54 1 8
github.com/aaravmahajanofficial/scalable-ecommerce-platform/internal/api/middleware/auth_middleware.go:31.54,37.23 3 8
github.com/aaravmahajanofficial/scalable-ecommerce-platform/internal/api/middleware/auth_middleware.go:37.23,42.4 3 1
github.com/aaravmahajanofficial/scalable-ecommerce-platform/internal/api/middleware/auth_middleware.go:45.3,47.56 2 7
github.com/aaravmahajanofficial/scalable-ecommerce-platform/internal/api/middleware/auth_middleware.go:47.56,52.4 3 1
github.com/aaravmahajanofficial/scalable-ecommerce-platform/internal/api/middleware/auth_middleware.go:54.3,59.90 3 6
github.com/aaravmahajanofficial/scalable-ecommerce-platform/internal/api/middleware/auth_middleware.go:59.90,61.106 1 4
github.com/aaravmahajanofficial/scalable-ecommerce-platform/internal/api/middleware/auth_middleware.go:61.106,65.5 2 1
github.com/aaravmahajanofficial/scalable-ecommerce-platform/internal/api/middleware/auth_middleware.go:67.4,67.24 1 3
github.com/aaravmahajanofficial/scalable-ecommerce-platform/internal/api/middleware/auth_middleware.go:69.3,69.17 1 6
github.com/aaravmahajanofficial/scalable-ecommerce-platform/internal/api/middleware/auth_middleware.go:69.17,73.77 3 5
github.com/aaravmahajanofficial/scalable-ecommerce-platform/internal/api/middleware/auth_middleware.go:73.77,75.5 1 1
github.com/aaravmahajanofficial/scalable-ecommerce-platform/internal/api/middleware/auth_middleware.go:75.10,78.5 1 4
github.com/aaravmahajanofficial/scalable-ecommerce-platform/internal/api/middleware/auth_middleware.go:80.4,80.10 1 5
github.com/aaravmahajanofficial/scalable-ecommerce-platform/internal/api/middleware/auth_middleware.go:83.3,83.19 1 1
github.com/aaravmahajanofficial/scalable-ecommerce-platform/internal/api/middleware/auth_middleware.go:83.19,88.4 3 0
github.com/aaravmahajanofficial/scalable-ecommerce-platform/internal/api/middleware/auth_middleware.go:90.3,90.69 1 1
github.com/aaravmahajanofficial/scalable-ecommerce-platform/internal/api/middleware/auth_middleware.go:90.69,95.4 3 0
github.com/aaravmahajanofficial/scalable-ecommerce-platform/internal/api/middleware/auth_middleware.go:99.3,106.40 5 1
github.com/aaravmahajanofficial/scalable-ecommerce-platform/internal/api/middleware/logging.go:22.63,24.2 1 0
github.com/aaravmahajanofficial/scalable-ecommerce-platform/internal/api/middleware/logging.go:26.49,29.2 2 0
github.com/aaravmahajanofficial/scalable-ecommerce-platform/internal/api/middleware/logging.go:32.46,33.71 1 0
github.com/aaravmahajanofficial/scalable-ecommerce-platform/internal/api/middleware/logging.go:33.71,38.26 3 0
github.com/aaravmahajanofficial/scalable-ecommerce-platform/internal/api/middleware/logging.go:38.26,40.4 1 0
github.com/aaravmahajanofficial/scalable-ecommerce-platform/internal/api/middleware/logging.go:42.3,63.128 7 0
github.com/aaravmahajanofficial/scalable-ecommerce-platform/internal/api/middleware/logging.go:67.58,68.59 1 9
github.com/aaravmahajanofficial/scalable-ecommerce-platform/internal/api/middleware/logging.go:68.59,70.3 1 9
github.com/aaravmahajanofficial/scalable-ecommerce-platform/internal/api/middleware/logging.go:72.2,72.23 1 0
github.com/aaravmahajanofficial/scalable-ecommerce-platform/internal/api/handlers/cart.go:21.63,26.2 1 14
github.com/aaravmahajanofficial/scalable-ecommerce-platform/internal/api/handlers/cart.go:39.50,40.54 1 4
github.com/aaravmahajanofficial/scalable-ecommerce-platform/internal/api/handlers/cart.go:40.54,44.10 3 4
github.com/aaravmahajanofficial/scalable-ecommerce-platform/internal/api/handlers/cart.go:44.10,49.4 3 1
github.com/aaravmahajanofficial/scalable-ecommerce-platform/internal/api/handlers/cart.go:51.3,55.17 4 3
github.com/aaravmahajanofficial/scalable-ecommerce-platform/internal/api/handlers/cart.go:55.17,60.4 3 2
github.com/aaravmahajanofficial/scalable-ecommerce-platform/internal/api/handlers/cart.go:62.3,63.43 2 1
github.com/aaravmahajanofficial/scalable-ecommerce-platform/internal/api/handlers/cart.go:82.50,83.54 1 6
github.com/aaravmahajanofficial/scalable-ecommerce-platform/internal/api/handlers/cart.go:83.54,87.10 3 6
github.com/aaravmahajanofficial/scalable-ecommerce-platform/internal/api/handlers/cart.go:87.10,92.4 3 1
github.com/aaravmahajanofficial/scalable-ecommerce-platform/internal/api/handlers/cart.go:94.3,98.17 4 5
github.com/aaravmahajanofficial/scalable-ecommerce-platform/internal/api/handlers/cart.go:98.17,99.89 1 2
github.com/aaravmahajanofficial/scalable-ecommerce-platform/internal/api/handlers/cart.go:99.89,103.19 3 2
github.com/aaravmahajanofficial/scalable-ecommerce-platform/internal/api/handlers/cart.go:103.19,108.6 3 1
github.com/aaravmahajanofficial/scalable-ecommerce-platform/internal/api/handlers/cart.go:110.5,110.45 1 1
github.com/aaravmahajanofficial/scalable-ecommerce-platform/internal/api/handlers/cart.go:111.10,116.5 3 0
github.com/aaravmahajanofficial/scalable-ecommerce-platform/internal/api/handlers/cart.go:120.3,121.55 2 4
github.com/aaravmahajanofficial/scalable-ecommerce-platform/internal/api/handlers/cart.go:121.55,125.4 2 1
github.com/aaravmahajanofficial/scalable-ecommerce-platform/internal/api/handlers/cart.go:127.3,131.17 4 3
github.com/aaravmahajanofficial/scalable-ecommerce-platform/internal/api/handlers/cart.go:131.17,136.4 3 1
github.com/aaravmahajanofficial/scalable-ecommerce-platform/internal/api/handlers/cart.go:138.3,139.43 2 2
github.com/aaravmahajanofficial/scalable-ecommerce-platform/internal/api/handlers/cart.go:158.57,159.54 1 4
github.com/aaravmahajanofficial/scalable-ecommerce-platform/internal/api/handlers/cart.go:159.54,163.10 3 4
github.com/aaravmahajanofficial/scalable-ecommerce-platform/internal/api/handlers/cart.go:163.10,168.4 3 1
github.com/aaravmahajanofficial/scalable-ecommerce-platform/internal/api/handlers/cart.go:170.3,173.55 3 3
github.com/aaravmahajanofficial/scalable-ecommerce-platform/internal/api/handlers/cart.go:173.55,177.4 2 1
github.com/aaravmahajanofficial/scalable-ecommerce-platform/internal/api/handlers/cart.go:179.3,185.17 4 2
github.com/aaravmahajanofficial/scalable-ecommerce-platform/internal/api/handlers/cart.go:185.17,190.4 3 1
github.com/aaravmahajanofficial/scalable-ecommerce-platform/internal/api/handlers/cart.go:192.3,193.43 2 1
github.com/aaravmahajanofficial/scalable-ecommerce-platform/internal/api/handlers/notification.go:22.99,27.2 1 2
github.com/aaravmahajanofficial/scalable-ecommerce-platform/internal/api/handlers/notification.go:45.60,46.54 1 5
github.com/aaravmahajanofficial/scalable-ecommerce-platform/internal/api/handlers/notification.go:46.54,50.10 3 5
github.com/aaravmahajanofficial/scalable-ecommerce-platform/internal/api/handlers/notification.go:50.10,55.4 3 1
github.com/aaravmahajanofficial/scalable-ecommerce-platform/internal/api/handlers/notification.go:57.3,61.55 3 4
github.com/aaravmahajanofficial/scalable-ecommerce-platform/internal/api/handlers/notification.go:61.55,65.4 2 2
github.com/aaravmahajanofficial/scalable-ecommerce-platform/internal/api/handlers/notification.go:67.3,70.17 3 2
github.com/aaravmahajanofficial/scalable-ecommerce-platform/internal/api/handlers/notification.go:70.17,77.4 3 1
github.com/aaravmahajanofficial/scalable-ecommerce-platform/internal/api/handlers/notification.go:79.3,81.56 2 1
github.com/aaravmahajanofficial/scalable-ecommerce-platform/internal/api/handlers/notification.go:98.68,99.54 1 4
github.com/aaravmahajanofficial/scalable-ecommerce-platform/internal/api/handlers/notification.go:99.54,103.10 3 4
github.com/aaravmahajanofficial/scalable-ecommerce-platform/internal/api/handlers/notification.go:103.10,108.4 3 1
github.com/aaravmahajanofficial/scalable-ecommerce-platform/internal/api/handlers/notification.go:110.3,113.29 3 3
github.com/aaravmahajanofficial/scalable-ecommerce-platform/internal/api/handlers/notification.go:113.29,115.4 1 2
github.com/aaravmahajanofficial/scalable-ecommerce-platform/internal/api/handlers/notification.go:117.3,118.51 2 3
github.com/aaravmahajanofficial/scalable-ecommerce-platform/internal/api/handlers/notification.go:118.51,120.4 1 2
github.com/aaravmahajanofficial/scalable-ecommerce-platform/internal/api/handlers/notification.go:122.3,126.17 4 3
github.com/aaravmahajanofficial/scalable-ecommerce-platform/internal/api/handlers/notification.go:126.17,132.4 3 1
github.com/aaravmahajanofficial/scalable-ecommerce-platform/internal/api/handlers/notification.go:134.3,140.5 2 2
github.com/aaravmahajanofficial/scalable-ecommerce-platform/internal/api/handlers/order.go:22.71,24.2 1 4
github.com/aaravmahajanofficial/scalable-ecommerce-platform/internal/api/handlers/order.go:41.55,42.54 1 4
github.com/aaravmahajanofficial/scalable-ecommerce-platform/internal/api/handlers/order.go:42.54,46.10 3 4
github.com/aaravmahajanofficial/scalable-ecommerce-platform/internal/api/handlers/order.go:46.10,51.4 3 1
github.com/aaravmahajanofficial/scalable-ecommerce-platform/internal/api/handlers/order.go:53.3,57.55 3 3
github.com/aaravmahajanofficial/scalable-ecommerce-platform/internal/api/handlers/order.go:57.55,61.4 2 1
github.com/aaravmahajanofficial/scalable-ecommerce-platform/internal/api/handlers/order.go:63.3,64.17 2 2
github.com/aaravmahajanofficial/scalable-ecommerce-platform/internal/api/handlers/order.go:64.17,69.4 3 1
github.com/aaravmahajanofficial/scalable-ecommerce-platform/internal/api/handlers/order.go:71.3,72.49 2 1
github.com/aaravmahajanofficial/scalable-ecommerce-platform/internal/api/handlers/order.go:91.52,92.54 1 6
github.com/aaravmahajanofficial/scalable-ecommerce-platform/internal/api/handlers/order.go:92.54,96.10 3 6
github.com/aaravmahajanofficial/scalable-ecommerce-platform/internal/api/handlers/order.go:96.10,101.4 3 1
github.com/aaravmahajanofficial/scalable-ecommerce-platform/internal/api/handlers/order.go:103.3,106.17 3 5
github.com/aaravmahajanofficial/scalable-ecommerce-platform/internal/api/handlers/order.go:106.17,111.4 3 1
github.com/aaravmahajanofficial/scalable-ecommerce-platform/internal/api/handlers/order.go:113.3,117.17 3 4
github.com/aaravmahajanofficial/scalable-ecommerce-platform/internal/api/handlers/order.go:117.17,124.4 3 2
github.com/aaravmahajanofficial/scalable-ecommerce-platform/internal/api/handlers/order.go:126.3,126.40 1 2
github.com/aaravmahajanofficial/scalable-ecommerce-platform/internal/api/handlers/order.go:126.40,133.4 3 1
github.com/aaravmahajanofficial/scalable-ecommerce-platform/internal/api/handlers/order.go:135.3,136.44 2 1
github.com/aaravmahajanofficial/scalable-ecommerce-platform/internal/api/handlers/order.go:153.54,154.54 1 10
github.com/aaravmahajanofficial/scalable-ecommerce-platform/internal/api/handlers/order.go:154.54,158.10 3 10
github.com/aaravmahajanofficial/scalable-ecommerce-platform/internal/api/handlers/order.go:158.10,163.4 3 1
github.com/aaravmahajanofficial/scalable-ecommerce-platform/internal/api/handlers/order.go:165.3,168.29 3 9
github.com/aaravmahajanofficial/scalable-ecommerce-platform/internal/api/handlers/order.go:168.29,170.4 1 5
github.com/aaravmahajanofficial/scalable-ecommerce-platform/internal/api/handlers/order.go:172.3,173.51 2 9
github.com/aaravmahajanofficial/scalable-ecommerce-platform/internal/api/handlers/order.go:173.51,175.4 1 6
github.com/aaravmahajanofficial/scalable-ecommerce-platform/internal/api/handlers/order.go:177.3,181.17 3 9
github.com/aaravmahajanofficial/scalable-ecommerce-platform/internal/api/handlers/order.go:181.17,186.4 3 1
github.com/aaravmahajanofficial/scalable-ecommerce-platform/internal/api/handlers/order.go:188.3,194.5 2 8
github.com/aaravmahajanofficial/scalable-ecommerce-platform/internal/api/handlers/order.go:215.61,216.54 1 6
github.com/aaravmahajanofficial/scalable-ecommerce-platform/internal/api/handlers/order.go:216.54,220.10 3 6
github.com/aaravmahajanofficial/scalable-ecommerce-platform/internal/api/handlers/order.go:220.10,225.4 3 1
github.com/aaravmahajanofficial/scalable-ecommerce-platform/internal/api/handlers/order.go:227.3,230.17 3 5
github.com/aaravmahajanofficial/scalable-ecommerce-platform/internal/api/handlers/order.go:230.17,235.4 3 1
github.com/aaravmahajanofficial/scalable-ecommerce-platform/internal/api/handlers/order.go:237.3,241.55 3 4
github.com/aaravmahajanofficial/scalable-ecommerce-platform/internal/api/handlers/order.go:241.55,245.4 2 1
github.com/aaravmahajanofficial/scalable-ecommerce-platform/internal/api/handlers/order.go:247.3,250.17 3 3
github.com/aaravmahajanofficial/scalable-ecommerce-platform/internal/api/handlers/order.go:250.17,255.4 3 2
github.com/aaravmahajanofficial/scalable-ecommerce-platform/internal/api/handlers/order.go:257.3,258.44 2 1
github.com/aaravmahajanofficial/scalable-ecommerce-platform/internal/api/handlers/payment.go:23.79,25.2 1 4
github.com/aaravmahajanofficial/scalable-ecommerce-platform/internal/api/handlers/payment.go:43.59,44.54 1 6
github.com/aaravmahajanofficial/scalable-ecommerce-platform/internal/api/handlers/payment.go:44.54,48.10 3 6
github.com/aaravmahajanofficial/scalable-ecommerce-platform/internal/api/handlers/payment.go:48.10,53.4 3 1
github.com/aaravmahajanofficial/scalable-ecommerce-platform/internal/api/handlers/payment.go:55.3,59.55 3 5
github.com/aaravmahajanofficial/scalable-ecommerce-platform/internal/api/handlers/payment.go:59.55,63.4 2 2
github.com/aaravmahajanofficial/scalable-ecommerce-platform/internal/api/handlers/payment.go:65.3,67.47 2 3
github.com/aaravmahajanofficial/scalable-ecommerce-platform/internal/api/handlers/payment.go:67.47,74.4 3 1
github.com/aaravmahajanofficial/scalable-ecommerce-platform/internal/api/handlers/payment.go:77.3,78.17 2 2
github.com/aaravmahajanofficial/scalable-ecommerce-platform/internal/api/handlers/payment.go:78.17,83.4 3 1
github.com/aaravmahajanofficial/scalable-ecommerce-platform/internal/api/handlers/payment.go:85.3,88.46 2 1
github.com/aaravmahajanofficial/scalable-ecommerce-platform/internal/api/handlers/payment.go:107.56,108.54 1 5
github.com/aaravmahajanofficial/scalable-ecommerce-platform/internal/api/handlers/payment.go:108.54,112.10 3 5
github.com/aaravmahajanofficial/scalable-ecommerce-platform/internal/api/handlers/payment.go:112.10,117.4 3 1
github.com/aaravmahajanofficial/scalable-ecommerce-platform/internal/api/handlers/payment.go:119.3,122.18 3 4
github.com/aaravmahajanofficial/scalable-ecommerce-platform/internal/api/handlers/payment.go:122.18,127.4 3 1
github.com/aaravmahajanofficial/scalable-ecommerce-platform/internal/api/handlers/payment.go:129.3,133.17 3 3
github.com/aaravmahajanofficial/scalable-ecommerce-platform/internal/api/handlers/payment.go:133.17,138.4 3 2
github.com/aaravmahajanofficial/scalable-ecommerce-platform/internal/api/handlers/payment.go:140.3,141.46 2 1
github.com/aaravmahajanofficial/scalable-ecommerce-platform/internal/api/handlers/payment.go:158.58,159.54 1 10
github.com/aaravmahajanofficial/scalable-ecommerce-platform/internal/api/handlers/payment.go:159.54,163.10 3 10
github.com/aaravmahajanofficial/scalable-ecommerce-platform/internal/api/handlers/payment.go:163.10,168.4 3 1
github.com/aaravmahajanofficial/scalable-ecommerce-platform/internal/api/handlers/payment.go:170.3,173.29 3 9
github.com/aaravmahajanofficial/scalable-ecommerce-platform/internal/api/handlers/payment.go:173.29,175.4 1 5
github.com/aaravmahajanofficial/scalable-ecommerce-platform/internal/api/handlers/payment.go:177.3,178.51 2 9
github.com/aaravmahajanofficial/scalable-ecommerce-platform/internal/api/handlers/payment.go:178.51,180.4 1 6
github.com/aaravmahajanofficial/scalable-ecommerce-platform/internal/api/handlers/payment.go:182.3,186.17 3 9
github.com/aaravmahajanofficial/scalable-ecommerce-platform/internal/api/handlers/payment.go:186.17,191.4 3 1
github.com/aaravmahajanofficial/scalable-ecommerce-platform/internal/api/handlers/payment.go:193.3,199.5 2 8
github.com/aaravmahajanofficial/scalable-ecommerce-platform/internal/api/handlers/payment.go:217.65,218.54 1 4
github.com/aaravmahajanofficial/scalable-ecommerce-platform/internal/api/handlers/payment.go:218.54,224.17 3 4
github.com/aaravmahajanofficial/scalable-ecommerce-platform/internal/api/handlers/payment.go:224.17,229.4 3 0
github.com/aaravmahajanofficial/scalable-ecommerce-platform/internal/api/handlers/payment.go:231.3,232.22 2 4
github.com/aaravmahajanofficial/scalable-ecommerce-platform/internal/api/handlers/payment.go:232.22,237.4 3 1
github.com/aaravmahajanofficial/scalable-ecommerce-platform/internal/api/handlers/payment.go:240.3,241.17 2 3
github.com/aaravmahajanofficial/scalable-ecommerce-platform/internal/api/handlers/payment.go:241.17,246.4 3 2
github.com/aaravmahajanofficial/scalable-ecommerce-platform/internal/api/handlers/payment.go:248.3,250.71 3 1
github.com/aaravmahajanofficial/scalable-ecommerce-platform/internal/api/handlers/product.go:21.79,23.2 1 10
github.com/aaravmahajanofficial/scalable-ecommerce-platform/internal/api/handlers/product.go:39.59,40.54 1 4
github.com/aaravmahajanofficial/scalable-ecommerce-platform/internal/api/handlers/product.go:40.54,47.55 3 4
github.com/aaravmahajanofficial/scalable-ecommerce-platform/internal/api/handlers/product.go:47.55,49.4 1 2
github.com/aaravmahajanofficial/scalable-ecommerce-platform/internal/api/handlers/product.go:51.3,55.17 3 2
github.com/aaravmahajanofficial/scalable-ecommerce-platform/internal/api/handlers/product.go:55.17,60.4 3 1
github.com/aaravmahajanofficial/scalable-ecommerce-platform/internal/api/handlers/product.go:62.3,63.51 2 1
github.com/aaravmahajanofficial/scalable-ecommerce-platform/internal/api/handlers/product.go:81.56,82.54 1 4
github.com/aaravmahajanofficial/scalable-ecommerce-platform/internal/api/handlers/product.go:82.54,86.17 3 4
github.com/aaravmahajanofficial/scalable-ecommerce-platform/internal/api/handlers/product.go:86.17,91.4 3 1
github.com/aaravmahajanofficial/scalable-ecommerce-platform/internal/api/handlers/product.go:93.3,97.17 4 3
github.com/aaravmahajanofficial/scalable-ecommerce-platform/internal/api/handlers/product.go:97.17,102.4 3 2
github.com/aaravmahajanofficial/scalable-ecommerce-platform/internal/api/handlers/product.go:104.3,105.46 2 1
github.com/aaravmahajanofficial/scalable-ecommerce-platform/internal/api/handlers/product.go:125.59,126.54 1 6
github.com/aaravmahajanofficial/scalable-ecommerce-platform/internal/api/handlers/product.go:126.54,130.17 3 6
github.com/aaravmahajanofficial/scalable-ecommerce-platform/internal/api/handlers/product.go:130.17,135.4 3 1
github.com/aaravmahajanofficial/scalable-ecommerce-platform/internal/api/handlers/product.go:137.3,143.55 3 5
github.com/aaravmahajanofficial/scalable-ecommerce-platform/internal/api/handlers/product.go:143.55,147.4 2 2
github.com/aaravmahajanofficial/scalable-ecommerce-platform/internal/api/handlers/product.go:149.3,152.17 3 3
github.com/aaravmahajanofficial/scalable-ecommerce-platform/internal/api/handlers/product.go:152.17,157.4 3 2
github.com/aaravmahajanofficial/scalable-ecommerce-platform/internal/api/handlers/product.go:159.3,160.46 2 1
github.com/aaravmahajanofficial/scalable-ecommerce-platform/internal/api/handlers/product.go:177.58,178.54 1 9
github.com/aaravmahajanofficial/scalable-ecommerce-platform/internal/api/handlers/product.go:178.54,182.29 3 9
github.com/aaravmahajanofficial/scalable-ecommerce-platform/internal/api/handlers/product.go:182.29,184.4 1 4
github.com/aaravmahajanofficial/scalable-ecommerce-platform/internal/api/handlers/product.go:186.3,187.51 2 9
github.com/aaravmahajanofficial/scalable-ecommerce-platform/internal/api/handlers/product.go:187.51,189.4 1 5
github.com/aaravmahajanofficial/scalable-ecommerce-platform/internal/api/handlers/product.go:191.3,194.17 3 9
github.com/aaravmahajanofficial/scalable-ecommerce-platform/internal/api/handlers/product.go:194.17,199.4 3 1
github.com/aaravmahajanofficial/scalable-ecommerce-platform/internal/api/handlers/product.go:201.3,207.5 2 8
github.com/aaravmahajanofficial/scalable-ecommerce-platform/internal/api/handlers/user.go:21.67,23.2 1 3
github.com/aaravmahajanofficial/scalable-ecommerce-platform/internal/api/handlers/user.go:38.51,39.54 1 3
github.com/aaravmahajanofficial/scalable-ecommerce-platform/internal/api/handlers/user.go:39.54,45.55 3 3
github.com/aaravmahajanofficial/scalable-ecommerce-platform/internal/api/handlers/user.go:45.55,47.4 1 1
github.com/aaravmahajanofficial/scalable-ecommerce-platform/internal/api/handlers/user.go:50.3,51.17 2 2
github.com/aaravmahajanofficial/scalable-ecommerce-platform/internal/api/handlers/user.go:51.17,56.4 3 1
github.com/aaravmahajanofficial/scalable-ecommerce-platform/internal/api/handlers/user.go:58.3,59.48 2 1
github.com/aaravmahajanofficial/scalable-ecommerce-platform/internal/api/handlers/user.go:77.48,78.54 1 3
github.com/aaravmahajanofficial/scalable-ecommerce-platform/internal/api/handlers/user.go:78.54,85.55 3 3
github.com/aaravmahajanofficial/scalable-ecommerce-platform/internal/api/handlers/user.go:85.55,87.4 1 0
github.com/aaravmahajanofficial/scalable-ecommerce-platform/internal/api/handlers/user.go:90.3,91.17 2 3
github.com/aaravmahajanofficial/scalable-ecommerce-platform/internal/api/handlers/user.go:91.17,96.4 3 0
github.com/aaravmahajanofficial/scalable-ecommerce-platform/internal/api/handlers/user.go:98.3,98.20 1 3
github.com/aaravmahajanofficial/scalable-ecommerce-platform/internal/api/handlers/user.go:98.20,99.27 1 2
github.com/aaravmahajanofficial/scalable-ecommerce-platform/internal/api/handlers/user.go:99.27,104.5 3 1
github.com/aaravmahajanofficial/scalable-ecommerce-platform/internal/api/handlers/user.go:106.4,109.10 3 1
github.com/aaravmahajanofficial/scalable-ecommerce-platform/internal/api/handlers/user.go:112.3,113.43 2 1
github.com/aaravmahajanofficial/scalable-ecommerce-platform/internal/api/handlers/user.go:129.50,130.54 1 3
github.com/aaravmahajanofficial/scalable-ecommerce-platform/internal/api/handlers/user.go:130.54,135.10 3 3
github.com/aaravmahajanofficial/scalable-ecommerce-platform/internal/api/handlers/user.go:135.10,140.4 3 1
github.com/aaravmahajanofficial/scalable-ecommerce-platform/internal/api/handlers/user.go:142.3,146.17 4 2
github.com/aaravmahajanofficial/scalable-ecommerce-platform/internal/api/handlers/user.go:146.17,151.4 3 1
github.com/aaravmahajanofficial/scalable-ecommerce-platform/internal/api/handlers/user.go:153.3,154.43 2 1
github.com/aaravmahajanofficial/scalable-ecommerce-platform/internal/cache/redis_cache.go:26.73,31.2 1 13
github.com/aaravmahajanofficial/scalable-ecommerce-platform/internal/cache/redis_cache.go:33.84,35.16 2 4
github.com/aaravmahajanofficial/scalable-ecommerce-platform/internal/cache/redis_cache.go:35.16,36.32 1 2
github.com/aaravmahajanofficial/scalable-ecommerce-platform/internal/cache/redis_cache.go:36.32,38.4 1 1
github.com/aaravmahajanofficial/scalable-ecommerce-platform/internal/cache/redis_cache.go:40.3,40.76 1 1
github.com/aaravmahajanofficial/scalable-ecommerce-platform/internal/cache/redis_cache.go:43.2,43.52 1 2
github.com/aaravmahajanofficial/scalable-ecommerce-platform/internal/cache/redis_cache.go:43.52,45.3 1 1
github.com/aaravmahajanofficial/scalable-ecommerce-platform/internal/cache/redis_cache.go:47.2,47.18 1 1
github.com/aaravmahajanofficial/scalable-ecommerce-platform/internal/cache/redis_cache.go:50.103,52.16 2 5
github.com/aaravmahajanofficial/scalable-ecommerce-platform/internal/cache/redis_cache.go:52.16,54.3 1 1
github.com/aaravmahajanofficial/scalable-ecommerce-platform/internal/cache/redis_cache.go:56.2,56.14 1 4
github.com/aaravmahajanofficial/scalable-ecommerce-platform/internal/cache/redis_cache.go:56.14,58.3 1 2
github.com/aaravmahajanofficial/scalable-ecommerce-platform/internal/cache/redis_cache.go:60.2,61.16 2 4
github.com/aaravmahajanofficial/scalable-ecommerce-platform/internal/cache/redis_cache.go:61.16,63.3 1 1
github.com/aaravmahajanofficial/scalable-ecommerce-platform/internal/cache/redis_cache.go:65.2,65.12 1 3
github.com/aaravmahajanofficial/scalable-ecommerce-platform/internal/cache/redis_cache.go:68.68,70.16 2 2
github.com/aaravmahajanofficial/scalable-ecommerce-platform/internal/cache/redis_cache.go:70.16,72.3 1 1
github.com/aaravmahajanofficial/scalable-ecommerce-platform/internal/cache/redis_cache.go:74.2,74.12 1 1
github.com/aaravmahajanofficial/scalable-ecommerce-platform/internal/cache/redis_cache.go:77.36,79.2 1 1
github.com/aaravmahajanofficial/scalable-ecommerce-platform/internal/cache/redis_cache.go:81.43,83.2 1 5
github.com/aaravmahajanofficial/scalable-ecommerce-platform/internal/config/config.go:92.25,97.22 3 0
github.com/aaravmahajanofficial/scalable-ecommerce-platform/internal/config/config.go:97.22,104.23 4 0
github.com/aaravmahajanofficial/scalable-ecommerce-platform/internal/config/config.go:104.23,106.50 2 0
github.com/aaravmahajanofficial/scalable-ecommerce-platform/internal/config/config.go:106.50,109.5 2 0
github.com/aaravmahajanofficial/scalable-ecommerce-platform/internal/config/config.go:109.10,111.5 1 0
github.com/aaravmahajanofficial/scalable-ecommerce-platform/internal/config/config.go:115.2,117.16 3 0
github.com/aaravmahajanofficial/scalable-ecommerce-platform/internal/config/config.go:117.16,119.3 1 0
github.com/aaravmahajanofficial/scalable-ecommerce-platform/internal/config/config.go:121.2,124.16 3 0
github.com/aaravmahajanofficial/scalable-ecommerce-platform/internal/config/config.go:124.16,126.3 1 0
github.com/aaravmahajanofficial/scalable-ecommerce-platform/internal/config/config.go:129.2,130.16 2 0
github.com/aaravmahajanofficial/scalable-ecommerce-platform/internal/config/config.go:130.16,132.3 1 0
github.com/aaravmahajanofficial/scalable-ecommerce-platform/internal/config/config.go:134.2,134.13 1 0
github.com/aaravmahajanofficial/scalable-ecommerce-platform/internal/config/config.go:137.61,138.22 1 11
github.com/aaravmahajanofficial/scalable-ecommerce-platform/internal/config/config.go:138.22,140.3 1 0
github.com/aaravmahajanofficial/scalable-ecommerce-platform/internal/config/config.go:142.2,145.16 3 11
github.com/aaravmahajanofficial/scalable-ecommerce-platform/internal/config/config.go:145.16,147.3 1 0
github.com/aaravmahajanofficial/scalable-ecommerce-platform/internal/config/config.go:149.2,150.16 2 11
github.com/aaravmahajanofficial/scalable-ecommerce-platform/internal/config/config.go:150.16,152.3 1 0
github.com/aaravmahajanofficial/scalable-ecommerce-platform/internal/config/config.go:154.2,155.16 2 11
github.com/aaravmahajanofficial/scalable-ecommerce-platform/internal/config/config.go:155.16,157.3 1 0
github.com/aaravmahajanofficial/scalable-ecommerce-platform/internal/config/config.go:159.2,159.18 1 11
github.com/aaravmahajanofficial/scalable-ecommerce-platform/internal/config/config.go:162.60,166.16 3 11
github.com/aaravmahajanofficial/scalable-ecommerce-platform/internal/config/config.go:166.16,168.3 1 0
github.com/aaravmahajanofficial/scalable-ecommerce-platform/internal/config/config.go:170.2,170.21 1 11
github.com/aaravmahajanofficial/scalable-ecommerce-platform/internal/config/config.go:173.36,176.2 1 3
github.com/aaravmahajanofficial/scalable-ecommerce-platform/internal/config/config.go:178.40,185.2 1 5
github.com/aaravmahajanofficial/scalable-ecommerce-platform/internal/repositories/cart_repository.go:25.45,27.2 1 2
github.com/aaravmahajanofficial/scalable-ecommerce-platform/internal/repositories/cart_repository.go:29.83,34.16 4 3
github.com/aaravmahajanofficial/scalable-ecommerce-platform/internal/repositories/cart_repository.go:34.16,36.3 1 1
github.com/aaravmahajanofficial/scalable-ecommerce-platform/internal/repositories/cart_repository.go:38.2,44.125 2 2
github.com/aaravmahajanofficial/scalable-ecommerce-platform/internal/repositories/cart_repository.go:47.111,62.16 7 4
github.com/aaravmahajanofficial/scalable-ecommerce-platform/internal/repositories/cart_repository.go:62.16,63.27 1 2
github.com/aaravmahajanofficial/scalable-ecommerce-platform/internal/repositories/cart_repository.go:63.27,65.4 1 1
github.com/aaravmahajanofficial/scalable-ecommerce-platform/internal/repositories/cart_repository.go:66.3,66.55 1 1
github.com/aaravmahajanofficial/scalable-ecommerce-platform/internal/repositories/cart_repository.go:69.2,69.63 1 2
github.com/aaravmahajanofficial/scalable-ecommerce-platform/internal/repositories/cart_repository.go:69.63,71.3 1 1
github.com/aaravmahajanofficial/scalable-ecommerce-platform/internal/repositories/cart_repository.go:73.2,73.18 1 1
github.com/aaravmahajanofficial/scalable-ecommerce-platform/internal/repositories/cart_repository.go:76.83,81.16 4 4
github.com/aaravmahajanofficial/scalable-ecommerce-platform/internal/repositories/cart_repository.go:81.16,83.3 1 1
github.com/aaravmahajanofficial/scalable-ecommerce-platform/internal/repositories/cart_repository.go:85.2,92.16 3 3
github.com/aaravmahajanofficial/scalable-ecommerce-platform/internal/repositories/cart_repository.go:92.16,94.3 1 1
github.com/aaravmahajanofficial/scalable-ecommerce-platform/internal/repositories/cart_repository.go:96.2,97.16 2 2
github.com/aaravmahajanofficial/scalable-ecommerce-platform/internal/repositories/cart_repository.go:97.16,99.3 1 0
github.com/aaravmahajanofficial/scalable-ecommerce-platform/internal/repositories/cart_repository.go:101.2,101.22 1 2
github.com/aaravmahajanofficial/scalable-ecommerce-platform/internal/repositories/cart_repository.go:101.22,103.3 1 1
github.com/aaravmahajanofficial/scalable-ecommerce-platform/internal/repositories/cart_repository.go:105.2,105.12 1 1
github.com/aaravmahajanofficial/scalable-ecommerce-platform/internal/repositories/database.go:29.136,34.16 2 0
github.com/aaravmahajanofficial/scalable-ecommerce-platform/internal/repositories/database.go:34.16,36.3 1 0
github.com/aaravmahajanofficial/scalable-ecommerce-platform/internal/repositories/database.go:39.2,42.17 1 0
github.com/aaravmahajanofficial/scalable-ecommerce-platform/internal/repositories/database.go:42.17,44.3 1 0
github.com/aaravmahajanofficial/scalable-ecommerce-platform/internal/repositories/database.go:46.2,55.44 7 0
github.com/aaravmahajanofficial/scalable-ecommerce-platform/internal/repositories/database.go:55.44,57.3 1 0
github.com/aaravmahajanofficial/scalable-ecommerce-platform/internal/repositories/database.go:60.2,71.8 1 0
github.com/aaravmahajanofficial/scalable-ecommerce-platform/internal/repositories/database.go:74.38,79.18 3 0
github.com/aaravmahajanofficial/scalable-ecommerce-platform/internal/repositories/database.go:79.18,81.3 1 0
github.com/aaravmahajanofficial/scalable-ecommerce-platform/internal/repositories/database.go:83.2,83.21 1 0
github.com/aaravmahajanofficial/scalable-ecommerce-platform/internal/repositories/database.go:83.21,85.3 1 0
github.com/aaravmahajanofficial/scalable-ecommerce-platform/internal/repositories/database.go:87.2,87.12 1 0
github.com/aaravmahajanofficial/scalable-ecommerce-platform/internal/repositories/notification_repository.go:27.61,29.2 1 16
github.com/aaravmahajanofficial/scalable-ecommerce-platform/internal/repositories/notification_repository.go:31.115,41.16 5 2
github.com/aaravmahajanofficial/scalable-ecommerce-platform/internal/repositories/notification_repository.go:41.16,43.3 1 1
github.com/aaravmahajanofficial/scalable-ecommerce-platform/internal/repositories/notification_repository.go:45.2,45.12 1 1
github.com/aaravmahajanofficial/scalable-ecommerce-platform/internal/repositories/notification_repository.go:48.119,63.16 7 3
github.com/aaravmahajanofficial/scalable-ecommerce-platform/internal/repositories/notification_repository.go:63.16,65.3 1 2
github.com/aaravmahajanofficial/scalable-ecommerce-platform/internal/repositories/notification_repository.go:67.2,69.20 2 1
github.com/aaravmahajanofficial/scalable-ecommerce-platform/internal/repositories/notification_repository.go:72.151,82.16 5 4
github.com/aaravmahajanofficial/scalable-ecommerce-platform/internal/repositories/notification_repository.go:82.16,84.3 1 1
github.com/aaravmahajanofficial/scalable-ecommerce-platform/internal/repositories/notification_repository.go:86.2,87.16 2 3
github.com/aaravmahajanofficial/scalable-ecommerce-platform/internal/repositories/notification_repository.go:87.16,89.3 1 1
github.com/aaravmahajanofficial/scalable-ecommerce-platform/internal/repositories/notification_repository.go:91.2,91.22 1 2
github.com/aaravmahajanofficial/scalable-ecommerce-platform/internal/repositories/notification_repository.go:91.22,93.3 1 1
github.com/aaravmahajanofficial/scalable-ecommerce-platform/internal/repositories/notification_repository.go:95.2,95.12 1 1
github.com/aaravmahajanofficial/scalable-ecommerce-platform/internal/repositories/notification_repository.go:98.130,107.16 6 6
github.com/aaravmahajanofficial/scalable-ecommerce-platform/internal/repositories/notification_repository.go:107.16,109.3 1 1
github.com/aaravmahajanofficial/scalable-ecommerce-platform/internal/repositories/notification_repository.go:111.2,121.16 4 5
github.com/aaravmahajanofficial/scalable-ecommerce-platform/internal/repositories/notification_repository.go:121.16,123.3 1 1
github.com/aaravmahajanofficial/scalable-ecommerce-platform/internal/repositories/notification_repository.go:125.2,125.15 1 4
github.com/aaravmahajanofficial/scalable-ecommerce-platform/internal/repositories/notification_repository.go:125.15,126.48 1 4
github.com/aaravmahajanofficial/scalable-ecommerce-platform/internal/repositories/notification_repository.go:126.48,128.4 1 0
github.com/aaravmahajanofficial/scalable-ecommerce-platform/internal/repositories/notification_repository.go:131.2,133.18 2 4
github.com/aaravmahajanofficial/scalable-ecommerce-platform/internal/repositories/notification_repository.go:133.18,139.17 4 3
github.com/aaravmahajanofficial/scalable-ecommerce-platform/internal/repositories/notification_repository.go:139.17,141.4 1 1
github.com/aaravmahajanofficial/scalable-ecommerce-platform/internal/repositories/notification_repository.go:143.3,145.55 2 2
github.com/aaravmahajanofficial/scalable-ecommerce-platform/internal/repositories/notification_repository.go:148.2,148.35 1 3
github.com/aaravmahajanofficial/scalable-ecommerce-platform/internal/repositories/notification_repository.go:148.35,150.3 1 1
github.com/aaravmahajanofficial/scalable-ecommerce-platform/internal/repositories/notification_repository.go:152.2,152.34 1 2
github.com/aaravmahajanofficial/scalable-ecommerce-platform/internal/repositories/order_repository.go:29.53,31.2 1 6
github.com/aaravmahajanofficial/scalable-ecommerce-platform/internal/repositories/order_repository.go:33.87,38.16 4 3
github.com/aaravmahajanofficial/scalable-ecommerce-platform/internal/repositories/order_repository.go:38.16,40.3 1 0
github.com/aaravmahajanofficial/scalable-ecommerce-platform/internal/repositories/order_repository.go:43.2,49.16 3 3
github.com/aaravmahajanofficial/scalable-ecommerce-platform/internal/repositories/order_repository.go:49.16,51.3 1 1
github.com/aaravmahajanofficial/scalable-ecommerce-platform/internal/repositories/order_repository.go:54.2,54.35 1 2
github.com/aaravmahajanofficial/scalable-ecommerce-platform/internal/repositories/order_repository.go:54.35,61.17 3 3
github.com/aaravmahajanofficial/scalable-ecommerce-platform/internal/repositories/order_repository.go:61.17,63.4 1 1
github.com/aaravmahajanofficial/scalable-ecommerce-platform/internal/repositories/order_repository.go:66.2,66.12 1 1
github.com/aaravmahajanofficial/scalable-ecommerce-platform/internal/repositories/order_repository.go:70.98,87.16 7 7
github.com/aaravmahajanofficial/scalable-ecommerce-platform/internal/repositories/order_repository.go:87.16,88.36 1 2
github.com/aaravmahajanofficial/scalable-ecommerce-platform/internal/repositories/order_repository.go:88.36,90.4 1 1
github.com/aaravmahajanofficial/scalable-ecommerce-platform/internal/repositories/order_repository.go:92.3,92.61 1 1
github.com/aaravmahajanofficial/scalable-ecommerce-platform/internal/repositories/order_repository.go:95.2,95.73 1 5
github.com/aaravmahajanofficial/scalable-ecommerce-platform/internal/repositories/order_repository.go:95.73,97.3 1 1
github.com/aaravmahajanofficial/scalable-ecommerce-platform/internal/repositories/order_repository.go:100.2,107.16 3 4
github.com/aaravmahajanofficial/scalable-ecommerce-platform/internal/repositories/order_repository.go:107.16,108.36 1 1
github.com/aaravmahajanofficial/scalable-ecommerce-platform/internal/repositories/order_repository.go:108.36,110.4 1 0
github.com/aaravmahajanofficial/scalable-ecommerce-platform/internal/repositories/order_repository.go:112.3,112.67 1 1
github.com/aaravmahajanofficial/scalable-ecommerce-platform/internal/repositories/order_repository.go:115.2,115.15 1 3
github.com/aaravmahajanofficial/scalable-ecommerce-platform/internal/repositories/order_repository.go:115.15,116.48 1 3
github.com/aaravmahajanofficial/scalable-ecommerce-platform/internal/repositories/order_repository.go:116.48,118.4 1 0
github.com/aaravmahajanofficial/scalable-ecommerce-platform/internal/repositories/order_repository.go:121.2,123.18 2 3
github.com/aaravmahajanofficial/scalable-ecommerce-platform/internal/repositories/order_repository.go:123.18,127.17 3 2
github.com/aaravmahajanofficial/scalable-ecommerce-platform/internal/repositories/order_repository.go:127.17,129.4 1 1
github.com/aaravmahajanofficial/scalable-ecommerce-platform/internal/repositories/order_repository.go:131.3,133.30 2 1
github.com/aaravmahajanofficial/scalable-ecommerce-platform/internal/repositories/order_repository.go:136.2,138.19 2 2
github.com/aaravmahajanofficial/scalable-ecommerce-platform/internal/repositories/order_repository.go:147.140,156.16 6 9
github.com/aaravmahajanofficial/scalable-ecommerce-platform/internal/repositories/order_repository.go:156.16,158.3 1 1
github.com/aaravmahajanofficial/scalable-ecommerce-platform/internal/repositories/order_repository.go:161.2,173.16 4 8
github.com/aaravmahajanofficial/scalable-ecommerce-platform/internal/repositories/order_repository.go:173.16,175.3 1 1
github.com/aaravmahajanofficial/scalable-ecommerce-platform/internal/repositories/order_repository.go:177.2,177.15 1 7
github.com/aaravmahajanofficial/scalable-ecommerce-platform/internal/repositories/order_repository.go:177.15,178.48 1 7
github.com/aaravmahajanofficial/scalable-ecommerce-platform/internal/repositories/order_repository.go:178.48,180.4 1 0
github.com/aaravmahajanofficial/scalable-ecommerce-platform/internal/repositories/order_repository.go:183.2,185.18 2 7
github.com/aaravmahajanofficial/scalable-ecommerce-platform/internal/repositories/order_repository.go:185.18,193.17 5 7
github.com/aaravmahajanofficial/scalable-ecommerce-platform/internal/repositories/order_repository.go:193.17,195.4 1 1
github.com/aaravmahajanofficial/scalable-ecommerce-platform/internal/repositories/order_repository.go:197.3,197.74 1 6
github.com/aaravmahajanofficial/scalable-ecommerce-platform/internal/repositories/order_repository.go:197.74,199.4 1 1
github.com/aaravmahajanofficial/scalable-ecommerce-platform/internal/repositories/order_repository.go:201.3,201.33 1 5
github.com/aaravmahajanofficial/scalable-ecommerce-platform/internal/repositories/order_repository.go:205.2,211.24 2 5
github.com/aaravmahajanofficial/scalable-ecommerce-platform/internal/repositories/order_repository.go:211.24,214.17 2 5
github.com/aaravmahajanofficial/scalable-ecommerce-platform/internal/repositories/order_repository.go:214.17,216.4 1 1
github.com/aaravmahajanofficial/scalable-ecommerce-platform/internal/repositories/order_repository.go:218.3,220.24 2 4
github.com/aaravmahajanofficial/scalable-ecommerce-platform/internal/repositories/order_repository.go:220.24,224.22 3 4
github.com/aaravmahajanofficial/scalable-ecommerce-platform/internal/repositories/order_repository.go:224.22,226.24 2 1
github.com/aaravmahajanofficial/scalable-ecommerce-platform/internal/repositories/order_repository.go:226.24,228.6 1 0
github.com/aaravmahajanofficial/scalable-ecommerce-platform/internal/repositories/order_repository.go:229.5,229.72 1 1
github.com/aaravmahajanofficial/scalable-ecommerce-platform/internal/repositories/order_repository.go:232.4,233.31 2 3
github.com/aaravmahajanofficial/scalable-ecommerce-platform/internal/repositories/order_repository.go:236.3,236.43 1 3
github.com/aaravmahajanofficial/scalable-ecommerce-platform/internal/repositories/order_repository.go:236.43,238.4 1 0
github.com/aaravmahajanofficial/scalable-ecommerce-platform/internal/repositories/order_repository.go:240.3,240.26 1 3
github.com/aaravmahajanofficial/scalable-ecommerce-platform/internal/repositories/order_repository.go:243.2,243.35 1 3
github.com/aaravmahajanofficial/scalable-ecommerce-platform/internal/repositories/order_repository.go:243.35,245.3 1 1
github.com/aaravmahajanofficial/scalable-ecommerce-platform/internal/repositories/order_repository.go:247.2,247.27 1 2
github.com/aaravmahajanofficial/scalable-ecommerce-platform/internal/repositories/order_repository.go:251.130,260.16 5 4
github.com/aaravmahajanofficial/scalable-ecommerce-platform/internal/repositories/order_repository.go:260.16,262.3 1 1
github.com/aaravmahajanofficial/scalable-ecommerce-platform/internal/repositories/order_repository.go:264.2,265.16 2 3
github.com/aaravmahajanofficial/scalable-ecommerce-platform/internal/repositories/order_repository.go:265.16,267.3 1 1
github.com/aaravmahajanofficial/scalable-ecommerce-platform/internal/repositories/order_repository.go:269.2,269.22 1 2
github.com/aaravmahajanofficial/scalable-ecommerce-platform/internal/repositories/order_repository.go:269.22,271.3 1 1
github.com/aaravmahajanofficial/scalable-ecommerce-platform/internal/repositories/order_repository.go:273.2,274.16 2 1
github.com/aaravmahajanofficial/scalable-ecommerce-platform/internal/repositories/order_repository.go:274.16,276.3 1 0
github.com/aaravmahajanofficial/scalable-ecommerce-platform/internal/repositories/order_repository.go:278.2,278.26 1 1
github.com/aaravmahajanofficial/scalable-ecommerce-platform/internal/repositories/order_repository.go:282.141,291.16 5 4
github.com/aaravmahajanofficial/scalable-ecommerce-platform/internal/repositories/order_repository.go:291.16,293.3 1 1
github.com/aaravmahajanofficial/scalable-ecommerce-platform/internal/repositories/order_repository.go:295.2,296.16 2 3
github.com/aaravmahajanofficial/scalable-ecommerce-platform/internal/repositories/order_repository.go:296.16,298.3 1 1
github.com/aaravmahajanofficial/scalable-ecommerce-platform/internal/repositories/order_repository.go:300.2,300.22 1 2
github.com/aaravmahajanofficial/scalable-ecommerce-platform/internal/repositories/order_repository.go:300.22,302.3 1 1
github.com/aaravmahajanofficial/scalable-ecommerce-platform/internal/repositories/order_repository.go:304.2,304.12 1 1
github.com/aaravmahajanofficial/scalable-ecommerce-platform/internal/repositories/payment_repository.go:25.57,27.2 1 5
github.com/aaravmahajanofficial/scalable-ecommerce-platform/internal/repositories/payment_repository.go:29.95,39.16 5 2
github.com/aaravmahajanofficial/scalable-ecommerce-platform/internal/repositories/payment_repository.go:39.16,41.3 1 1
github.com/aaravmahajanofficial/scalable-ecommerce-platform/internal/repositories/payment_repository.go:43.2,43.12 1 1
github.com/aaravmahajanofficial/scalable-ecommerce-platform/internal/repositories/payment_repository.go:46.101,59.16 6 4
github.com/aaravmahajanofficial/scalable-ecommerce-platform/internal/repositories/payment_repository.go:59.16,61.3 1 3
github.com/aaravmahajanofficial/scalable-ecommerce-platform/internal/repositories/payment_repository.go:63.2,63.21 1 1
github.com/aaravmahajanofficial/scalable-ecommerce-platform/internal/repositories/payment_repository.go:66.116,76.16 5 4
github.com/aaravmahajanofficial/scalable-ecommerce-platform/internal/repositories/payment_repository.go:76.16,78.3 1 1
github.com/aaravmahajanofficial/scalable-ecommerce-platform/internal/repositories/payment_repository.go:80.2,81.16 2 3
github.com/aaravmahajanofficial/scalable-ecommerce-platform/internal/repositories/payment_repository.go:81.16,83.3 1 1
github.com/aaravmahajanofficial/scalable-ecommerce-platform/internal/repositories/payment_repository.go:85.2,85.22 1 2
github.com/aaravmahajanofficial/scalable-ecommerce-platform/internal/repositories/payment_repository.go:85.22,87.3 1 1
github.com/aaravmahajanofficial/scalable-ecommerce-platform/internal/repositories/payment_repository.go:89.2,89.12 1 1
github.com/aaravmahajanofficial/scalable-ecommerce-platform/internal/repositories/payment_repository.go:92.140,101.16 6 7
github.com/aaravmahajanofficial/scalable-ecommerce-platform/internal/repositories/payment_repository.go:101.16,103.3 1 1
github.com/aaravmahajanofficial/scalable-ecommerce-platform/internal/repositories/payment_repository.go:106.2,117.16 4 6
github.com/aaravmahajanofficial/scalable-ecommerce-platform/internal/repositories/payment_repository.go:117.16,119.3 1 1
github.com/aaravmahajanofficial/scalable-ecommerce-platform/internal/repositories/payment_repository.go:121.2,121.15 1 5
github.com/aaravmahajanofficial/scalable-ecommerce-platform/internal/repositories/payment_repository.go:121.15,122.48 1 5
github.com/aaravmahajanofficial/scalable-ecommerce-platform/internal/repositories/payment_repository.go:122.48,124.4 1 0
github.com/aaravmahajanofficial/scalable-ecommerce-platform/internal/repositories/payment_repository.go:127.2,129.18 2 5
github.com/aaravmahajanofficial/scalable-ecommerce-platform/internal/repositories/payment_repository.go:129.18,133.17 3 3
github.com/aaravmahajanofficial/scalable-ecommerce-platform/internal/repositories/payment_repository.go:133.17,135.4 1 1
github.com/aaravmahajanofficial/scalable-ecommerce-platform/internal/repositories/payment_repository.go:137.3,137.39 1 2
github.com/aaravmahajanofficial/scalable-ecommerce-platform/internal/repositories/payment_repository.go:140.2,140.35 1 4
github.com/aaravmahajanofficial/scalable-ecommerce-platform/internal/repositories/payment_repository.go:140.35,142.3 1 1
github.com/aaravmahajanofficial/scalable-ecommerce-platform/internal/repositories/payment_repository.go:144.2,144.29 1 3
github.com/aaravmahajanofficial/scalable-ecommerce-platform/internal/repositories/product_repository.go:25.51,27.2 1 2
github.com/aaravmahajanofficial/scalable-ecommerce-platform/internal/repositories/product_repository.go:29.95,39.2 4 2
github.com/aaravmahajanofficial/scalable-ecommerce-platform/internal/repositories/product_repository.go:41.104,58.16 7 3
github.com/aaravmahajanofficial/scalable-ecommerce-platform/internal/repositories/product_repository.go:58.16,60.3 1 2
github.com/aaravmahajanofficial/scalable-ecommerce-platform/internal/repositories/product_repository.go:62.2,64.21 2 1
github.com/aaravmahajanofficial/scalable-ecommerce-platform/internal/repositories/product_repository.go:67.95,78.2 4 3
github.com/aaravmahajanofficial/scalable-ecommerce-platform/internal/repositories/product_repository.go:80.111,89.16 6 6
github.com/aaravmahajanofficial/scalable-ecommerce-platform/internal/repositories/product_repository.go:89.16,91.3 1 1
github.com/aaravmahajanofficial/scalable-ecommerce-platform/internal/repositories/product_repository.go:94.2,107.16 4 5
github.com/aaravmahajanofficial/scalable-ecommerce-platform/internal/repositories/product_repository.go:107.16,109.3 1 1
github.com/aaravmahajanofficial/scalable-ecommerce-platform/internal/repositories/product_repository.go:111.2,111.15 1 4
github.com/aaravmahajanofficial/scalable-ecommerce-platform/internal/repositories/product_repository.go:111.15,112.48 1 4
github.com/aaravmahajanofficial/scalable-ecommerce-platform/internal/repositories/product_repository.go:112.48,114.4 1 0
github.com/aaravmahajanofficial/scalable-ecommerce-platform/internal/repositories/product_repository.go:117.2,119.18 2 4
github.com/aaravmahajanofficial/scalable-ecommerce-platform/internal/repositories/product_repository.go:119.18,124.17 4 3
github.com/aaravmahajanofficial/scalable-ecommerce-platform/internal/repositories/product_repository.go:124.17,126.4 1 0
github.com/aaravmahajanofficial/scalable-ecommerce-platform/internal/repositories/product_repository.go:128.3,129.39 2 3
github.com/aaravmahajanofficial/scalable-ecommerce-platform/internal/repositories/product_repository.go:132.2,132.35 1 4
github.com/aaravmahajanofficial/scalable-ecommerce-platform/internal/repositories/product_repository.go:132.35,134.3 1 2
github.com/aaravmahajanofficial/scalable-ecommerce-platform/internal/repositories/product_repository.go:136.2,136.29 1 2
github.com/aaravmahajanofficial/scalable-ecommerce-platform/internal/repositories/redis_repository.go:24.64,30.16 4 0
github.com/aaravmahajanofficial/scalable-ecommerce-platform/internal/repositories/redis_repository.go:30.16,34.3 2 0
github.com/aaravmahajanofficial/scalable-ecommerce-platform/internal/repositories/redis_repository.go:36.2,45.47 5 0
github.com/aaravmahajanofficial/scalable-ecommerce-platform/internal/repositories/redis_repository.go:45.47,49.3 2 0
github.com/aaravmahajanofficial/scalable-ecommerce-platform/internal/repositories/redis_repository.go:51.2,53.20 2 0
github.com/aaravmahajanofficial/scalable-ecommerce-platform/internal/repositories/redis_repository.go:56.85,58.2 1 0
github.com/aaravmahajanofficial/scalable-ecommerce-platform/internal/repositories/redis_repository.go:61.109,89.16 11 0
github.com/aaravmahajanofficial/scalable-ecommerce-platform/internal/repositories/redis_repository.go:89.16,93.3 2 0
github.com/aaravmahajanofficial/scalable-ecommerce-platform/internal/repositories/redis_repository.go:96.2,99.46 3 0
github.com/aaravmahajanofficial/scalable-ecommerce-platform/internal/repositories/redis_repository.go:99.46,105.37 3 0
github.com/aaravmahajanofficial/scalable-ecommerce-platform/internal/repositories/redis_repository.go:105.37,109.4 2 0
github.com/aaravmahajanofficial/scalable-ecommerce-platform/internal/repositories/redis_repository.go:111.3,117.40 4 0
github.com/aaravmahajanofficial/scalable-ecommerce-platform/internal/repositories/redis_repository.go:120.2,122.37 2 0
github.com/aaravmahajanofficial/scalable-ecommerce-platform/internal/repositories/user_repository.go:24.45,26.2 1 2
github.com/aaravmahajanofficial/scalable-ecommerce-platform/internal/repositories/user_repository.go:28.83,38.2 4 2
github.com/aaravmahajanofficial/scalable-ecommerce-platform/internal/repositories/user_repository.go:40.98,50.16 6 3
github.com/aaravmahajanofficial/scalable-ecommerce-platform/internal/repositories/user_repository.go:50.16,51.27 1 2
github.com/aaravmahajanofficial/scalable-ecommerce-platform/internal/repositories/user_repository.go:51.27,53.4 1 1
github.com/aaravmahajanofficial/scalable-ecommerce-platform/internal/repositories/user_repository.go:54.3,54.55 1 1
github.com/aaravmahajanofficial/scalable-ecommerce-platform/internal/repositories/user_repository.go:57.2,57.18 1 1
github.com/aaravmahajanofficial/scalable-ecommerce-platform/internal/repositories/user_repository.go:60.95,73.16 6 3
github.com/aaravmahajanofficial/scalable-ecommerce-platform/internal/repositories/user_repository.go:73.16,74.36 1 2
github.com/aaravmahajanofficial/scalable-ecommerce-platform/internal/repositories/user_repository.go:74.36,76.4 1 1
github.com/aaravmahajanofficial/scalable-ecommerce-platform/internal/repositories/user_repository.go:78.3,78.55 1 1
github.com/aaravmahajanofficial/scalable-ecommerce-platform/internal/repositories/user_repository.go:81.2,81.18 1 1
github.com/aaravmahajanofficial/scalable-ecommerce-platform/pkg/sendgrid/email.go:24.85,26.2 1 6
github.com/aaravmahajanofficial/scalable-ecommerce-platform/pkg/sendgrid/email.go:29.92,39.28 7 5
github.com/aaravmahajanofficial/scalable-ecommerce-platform/pkg/sendgrid/email.go:39.28,41.3 1 2
github.com/aaravmahajanofficial/scalable-ecommerce-platform/pkg/sendgrid/email.go:43.2,43.30 1 5
github.com/aaravmahajanofficial/scalable-ecommerce-platform/pkg/sendgrid/email.go:43.30,45.3 1 1
github.com/aaravmahajanofficial/scalable-ecommerce-platform/pkg/sendgrid/email.go:47.2,58.16 8 5
github.com/aaravmahajanofficial/scalable-ecommerce-platform/pkg/sendgrid/email.go:58.16,60.3 1 1
github.com/aaravmahajanofficial/scalable-ecommerce-platform/pkg/sendgrid/email.go:62.2,62.32 1 4
github.com/aaravmahajanofficial/scalable-ecommerce-platform/pkg/sendgrid/email.go:62.32,64.3 1 2
github.com/aaravmahajanofficial/scalable-ecommerce-platform/pkg/sendgrid/email.go:66.2,66.12 1 2
github.com/aaravmahajanofficial/scalable-ecommerce-platform/pkg/sendgrid/email.go:70.61,72.2 1 5
github.com/aaravmahajanofficial/scalable-ecommerce-platform/pkg/sendgrid/email.go:75.45,80.2 2 5
github.com/aaravmahajanofficial/scalable-ecommerce-platform/pkg/sendgrid/email.go:83.53,88.2 2 5
github.com/aaravmahajanofficial/scalable-ecommerce-platform/internal/services/cart.go:26.65,28.2 1 4
github.com/aaravmahajanofficial/scalable-ecommerce-platform/internal/services/cart.go:30.95,41.16 3 2
github.com/aaravmahajanofficial/scalable-ecommerce-platform/internal/services/cart.go:41.16,43.3 1 1
github.com/aaravmahajanofficial/scalable-ecommerce-platform/internal/services/cart.go:45.2,45.18 1 1
github.com/aaravmahajanofficial/scalable-ecommerce-platform/internal/services/cart.go:48.96,50.16 2 3
github.com/aaravmahajanofficial/scalable-ecommerce-platform/internal/services/cart.go:50.16,51.36 1 2
github.com/aaravmahajanofficial/scalable-ecommerce-platform/internal/services/cart.go:51.36,53.4 1 1
github.com/aaravmahajanofficial/scalable-ecommerce-platform/internal/services/cart.go:55.3,55.79 1 1
github.com/aaravmahajanofficial/scalable-ecommerce-platform/internal/services/cart.go:58.2,58.18 1 1
github.com/aaravmahajanofficial/scalable-ecommerce-platform/internal/services/cart.go:61.124,63.16 2 4
github.com/aaravmahajanofficial/scalable-ecommerce-platform/internal/services/cart.go:63.16,65.3 1 1
github.com/aaravmahajanofficial/scalable-ecommerce-platform/internal/services/cart.go:67.2,78.53 5 3
github.com/aaravmahajanofficial/scalable-ecommerce-platform/internal/services/cart.go:78.53,80.3 1 1
github.com/aaravmahajanofficial/scalable-ecommerce-platform/internal/services/cart.go:82.2,82.18 1 2
github.com/aaravmahajanofficial/scalable-ecommerce-platform/internal/services/cart.go:85.138,87.16 2 5
github.com/aaravmahajanofficial/scalable-ecommerce-platform/internal/services/cart.go:87.16,89.3 1 1
github.com/aaravmahajanofficial/scalable-ecommerce-platform/internal/services/cart.go:91.2,92.13 2 4
github.com/aaravmahajanofficial/scalable-ecommerce-platform/internal/services/cart.go:92.13,94.3 1 1
github.com/aaravmahajanofficial/scalable-ecommerce-platform/internal/services/cart.go:96.2,96.23 1 3
github.com/aaravmahajanofficial/scalable-ecommerce-platform/internal/services/cart.go:96.23,98.3 1 1
github.com/aaravmahajanofficial/scalable-ecommerce-platform/internal/services/cart.go:98.8,102.3 3 2
github.com/aaravmahajanofficial/scalable-ecommerce-platform/internal/services/cart.go:105.2,109.16 4 3
github.com/aaravmahajanofficial/scalable-ecommerce-platform/internal/services/cart.go:109.16,111.3 1 1
github.com/aaravmahajanofficial/scalable-ecommerce-platform/internal/services/cart.go:113.2,113.18 1 2
github.com/aaravmahajanofficial/scalable-ecommerce-platform/internal/services/cart.go:116.80,119.29 2 6
github.com/aaravmahajanofficial/scalable-ecommerce-platform/internal/services/cart.go:119.29,121.3 1 6
github.com/aaravmahajanofficial/scalable-ecommerce-platform/internal/services/cart.go:123.2,123.19 1 6
github.com/aaravmahajanofficial/scalable-ecommerce-platform/internal/services/notification.go:28.161,30.2 1 4
github.com/aaravmahajanofficial/scalable-ecommerce-platform/internal/services/notification.go:33.138,35.16 2 6
github.com/aaravmahajanofficial/scalable-ecommerce-platform/internal/services/notification.go:35.16,37.3 1 1
github.com/aaravmahajanofficial/scalable-ecommerce-platform/internal/services/notification.go:39.2,41.25 2 5
github.com/aaravmahajanofficial/scalable-ecommerce-platform/internal/services/notification.go:41.25,43.17 2 4
github.com/aaravmahajanofficial/scalable-ecommerce-platform/internal/services/notification.go:43.17,45.4 1 0
github.com/aaravmahajanofficial/scalable-ecommerce-platform/internal/services/notification.go:47.3,47.31 1 4
github.com/aaravmahajanofficial/scalable-ecommerce-platform/internal/services/notification.go:50.2,63.69 2 5
github.com/aaravmahajanofficial/scalable-ecommerce-platform/internal/services/notification.go:63.69,65.3 1 1
github.com/aaravmahajanofficial/scalable-ecommerce-platform/internal/services/notification.go:67.2,68.16 2 4
github.com/aaravmahajanofficial/scalable-ecommerce-platform/internal/services/notification.go:68.16,72.139 3 1
github.com/aaravmahajanofficial/scalable-ecommerce-platform/internal/services/notification.go:72.139,74.4 1 0
github.com/aaravmahajanofficial/scalable-ecommerce-platform/internal/services/notification.go:76.3,76.83 1 1
github.com/aaravmahajanofficial/scalable-ecommerce-platform/internal/services/notification.go:80.2,82.101 2 3
github.com/aaravmahajanofficial/scalable-ecommerce-platform/internal/services/notification.go:82.101,84.3 1 1
github.com/aaravmahajanofficial/scalable-ecommerce-platform/internal/services/notification.go:86.2,92.8 1 2
github.com/aaravmahajanofficial/scalable-ecommerce-platform/internal/services/notification.go:96.112,98.16 2 3
github.com/aaravmahajanofficial/scalable-ecommerce-platform/internal/services/notification.go:98.16,100.3 1 2
github.com/aaravmahajanofficial/scalable-ecommerce-platform/internal/services/notification.go:102.2,102.26 1 1
github.com/aaravmahajanofficial/scalable-ecommerce-platform/internal/services/notification.go:106.127,107.14 1 5
github.com/aaravmahajanofficial/scalable-ecommerce-platform/internal/services/notification.go:107.14,109.3 1 1
github.com/aaravmahajanofficial/scalable-ecommerce-platform/internal/services/notification.go:111.2,111.27 1 5
github.com/aaravmahajanofficial/scalable-ecommerce-platform/internal/services/notification.go:111.27,113.3 1 2
github.com/aaravmahajanofficial/scalable-ecommerce-platform/internal/services/notification.go:115.2,116.16 2 5
github.com/aaravmahajanofficial/scalable-ecommerce-platform/internal/services/notification.go:116.16,118.3 1 1
github.com/aaravmahajanofficial/scalable-ecommerce-platform/internal/services/notification.go:120.2,120.34 1 4
github.com/aaravmahajanofficial/scalable-ecommerce-platform/internal/services/order.go:26.151,28.2 1 15
github.com/aaravmahajanofficial/scalable-ecommerce-platform/internal/services/order.go:30.112,33.16 2 7
github.com/aaravmahajanofficial/scalable-ecommerce-platform/internal/services/order.go:33.16,35.3 1 1
github.com/aaravmahajanofficial/scalable-ecommerce-platform/internal/services/order.go:37.2,37.26 1 6
github.com/aaravmahajanofficial/scalable-ecommerce-platform/internal/services/order.go:37.26,39.3 1 1
github.com/aaravmahajanofficial/scalable-ecommerce-platform/internal/services/order.go:42.2,42.34 1 5
github.com/aaravmahajanofficial/scalable-ecommerce-platform/internal/services/order.go:42.34,44.17 2 7
github.com/aaravmahajanofficial/scalable-ecommerce-platform/internal/services/order.go:44.17,46.4 1 1
github.com/aaravmahajanofficial/scalable-ecommerce-platform/internal/services/order.go:48.3,48.44 1 6
github.com/aaravmahajanofficial/scalable-ecommerce-platform/internal/services/order.go:48.44,50.4 1 1
github.com/aaravmahajanofficial/scalable-ecommerce-platform/internal/services/order.go:54.2,56.33 2 3
github.com/aaravmahajanofficial/scalable-ecommerce-platform/internal/services/order.go:56.33,58.3 1 4
github.com/aaravmahajanofficial/scalable-ecommerce-platform/internal/services/order.go:61.2,76.33 3 3
github.com/aaravmahajanofficial/scalable-ecommerce-platform/internal/services/order.go:76.33,87.3 2 4
github.com/aaravmahajanofficial/scalable-ecommerce-platform/internal/services/order.go:89.2,92.16 3 3
github.com/aaravmahajanofficial/scalable-ecommerce-platform/internal/services/order.go:92.16,94.3 1 1
github.com/aaravmahajanofficial/scalable-ecommerce-platform/internal/services/order.go:96.2,96.34 1 2
github.com/aaravmahajanofficial/scalable-ecommerce-platform/internal/services/order.go:96.34,98.17 2 3
github.com/aaravmahajanofficial/scalable-ecommerce-platform/internal/services/order.go:98.17,100.4 1 0
github.com/aaravmahajanofficial/scalable-ecommerce-platform/internal/services/order.go:101.3,104.17 3 3
github.com/aaravmahajanofficial/scalable-ecommerce-platform/internal/services/order.go:104.17,106.4 1 1
github.com/aaravmahajanofficial/scalable-ecommerce-platform/internal/services/order.go:109.2,109.19 1 1
github.com/aaravmahajanofficial/scalable-ecommerce-platform/internal/services/order.go:112.95,114.16 2 2
github.com/aaravmahajanofficial/scalable-ecommerce-platform/internal/services/order.go:114.16,116.3 1 1
github.com/aaravmahajanofficial/scalable-ecommerce-platform/internal/services/order.go:118.2,118.19 1 1
github.com/aaravmahajanofficial/scalable-ecommerce-platform/internal/services/order.go:121.137,122.14 1 3
github.com/aaravmahajanofficial/scalable-ecommerce-platform/internal/services/order.go:122.14,124.3 1 1
github.com/aaravmahajanofficial/scalable-ecommerce-platform/internal/services/order.go:126.2,126.27 1 3
github.com/aaravmahajanofficial/scalable-ecommerce-platform/internal/services/order.go:126.27,128.3 1 1
github.com/aaravmahajanofficial/scalable-ecommerce-platform/internal/services/order.go:130.2,131.16 2 3
github.com/aaravmahajanofficial/scalable-ecommerce-platform/internal/services/order.go:131.16,133.3 1 1
github.com/aaravmahajanofficial/scalable-ecommerce-platform/internal/services/order.go:135.2,135.27 1 2
github.com/aaravmahajanofficial/scalable-ecommerce-platform/internal/services/order.go:138.127,141.16 2 3
github.com/aaravmahajanofficial/scalable-ecommerce-platform/internal/services/order.go:141.16,143.3 1 1
github.com/aaravmahajanofficial/scalable-ecommerce-platform/internal/services/order.go:145.2,146.16 2 2
github.com/aaravmahajanofficial/scalable-ecommerce-platform/internal/services/order.go:146.16,148.3 1 1
github.com/aaravmahajanofficial/scalable-ecommerce-platform/internal/services/order.go:150.2,150.19 1 1
github.com/aaravmahajanofficial/scalable-ecommerce-platform/internal/services/payment.go:25.102,27.2 1 22
github.com/aaravmahajanofficial/scalable-ecommerce-platform/internal/services/payment.go:30.122,34.16 2 6
github.com/aaravmahajanofficial/scalable-ecommerce-platform/internal/services/payment.go:34.16,36.3 1 1
github.com/aaravmahajanofficial/scalable-ecommerce-platform/internal/services/payment.go:39.2,39.33 1 5
github.com/aaravmahajanofficial/scalable-ecommerce-platform/internal/services/payment.go:39.33,42.17 2 4
github.com/aaravmahajanofficial/scalable-ecommerce-platform/internal/services/payment.go:42.17,44.4 1 1
github.com/aaravmahajanofficial/scalable-ecommerce-platform/internal/services/payment.go:46.3,47.17 2 3
github.com/aaravmahajanofficial/scalable-ecommerce-platform/internal/services/payment.go:47.17,49.4 1 1
github.com/aaravmahajanofficial/scalable-ecommerce-platform/internal/services/payment.go:53.2,66.59 2 3
github.com/aaravmahajanofficial/scalable-ecommerce-platform/internal/services/payment.go:66.59,68.3 1 1
github.com/aaravmahajanofficial/scalable-ecommerce-platform/internal/services/payment.go:70.2,75.8 1 2
github.com/aaravmahajanofficial/scalable-ecommerce-platform/internal/services/payment.go:79.98,81.16 2 2
github.com/aaravmahajanofficial/scalable-ecommerce-platform/internal/services/payment.go:81.16,83.3 1 1
github.com/aaravmahajanofficial/scalable-ecommerce-platform/internal/services/payment.go:85.2,85.21 1 1
github.com/aaravmahajanofficial/scalable-ecommerce-platform/internal/services/payment.go:89.137,91.16 2 2
github.com/aaravmahajanofficial/scalable-ecommerce-platform/internal/services/payment.go:91.16,93.3 1 1
github.com/aaravmahajanofficial/scalable-ecommerce-platform/internal/services/payment.go:95.2,95.29 1 1
github.com/aaravmahajanofficial/scalable-ecommerce-platform/internal/services/payment.go:99.118,101.16 2 11
github.com/aaravmahajanofficial/scalable-ecommerce-platform/internal/services/payment.go:101.16,103.3 1 1
github.com/aaravmahajanofficial/scalable-ecommerce-platform/internal/services/payment.go:105.2,105.20 1 10
github.com/aaravmahajanofficial/scalable-ecommerce-platform/internal/services/payment.go:106.34,110.10 3 3
github.com/aaravmahajanofficial/scalable-ecommerce-platform/internal/services/payment.go:110.10,113.4 1 1
github.com/aaravmahajanofficial/scalable-ecommerce-platform/internal/services/payment.go:114.3,115.10 2 2
github.com/aaravmahajanofficial/scalable-ecommerce-platform/internal/services/payment.go:115.10,117.4 1 0
github.com/aaravmahajanofficial/scalable-ecommerce-platform/internal/services/payment.go:119.3,119.21 1 2
github.com/aaravmahajanofficial/scalable-ecommerce-platform/internal/services/payment.go:119.21,121.4 1 0
github.com/aaravmahajanofficial/scalable-ecommerce-platform/internal/services/payment.go:123.3,123.98 1 2
github.com/aaravmahajanofficial/scalable-ecommerce-platform/internal/services/payment.go:123.98,125.4 1 1
github.com/aaravmahajanofficial/scalable-ecommerce-platform/internal/services/payment.go:127.39,131.10 3 3
github.com/aaravmahajanofficial/scalable-ecommerce-platform/internal/services/payment.go:131.10,133.4 1 1
github.com/aaravmahajanofficial/scalable-ecommerce-platform/internal/services/payment.go:135.3,136.10 2 2
github.com/aaravmahajanofficial/scalable-ecommerce-platform/internal/services/payment.go:136.10,138.4 1 0
github.com/aaravmahajanofficial/scalable-ecommerce-platform/internal/services/payment.go:140.3,140.21 1 2
github.com/aaravmahajanofficial/scalable-ecommerce-platform/internal/services/payment.go:140.21,142.4 1 0
github.com/aaravmahajanofficial/scalable-ecommerce-platform/internal/services/payment.go:144.3,144.95 1 2
github.com/aaravmahajanofficial/scalable-ecommerce-platform/internal/services/payment.go:144.95,146.4 1 1
github.com/aaravmahajanofficial/scalable-ecommerce-platform/internal/services/payment.go:148.25,152.37 3 3
github.com/aaravmahajanofficial/scalable-ecommerce-platform/internal/services/payment.go:152.37,154.4 1 1
github.com/aaravmahajanofficial/scalable-ecommerce-platform/internal/services/payment.go:156.3,156.104 1 2
github.com/aaravmahajanofficial/scalable-ecommerce-platform/internal/services/payment.go:156.104,158.4 1 1
github.com/aaravmahajanofficial/scalable-ecommerce-platform/internal/services/payment.go:161.2,161.19 1 4
github.com/aaravmahajanofficial/scalable-ecommerce-platform/internal/services/product.go:28.74,30.2 1 4
github.com/aaravmahajanofficial/scalable-ecommerce-platform/internal/services/product.go:32.120,50.16 6 2
github.com/aaravmahajanofficial/scalable-ecommerce-platform/internal/services/product.go:50.16,55.3 3 1
github.com/aaravmahajanofficial/scalable-ecommerce-platform/internal/services/product.go:57.2,59.21 2 1
github.com/aaravmahajanofficial/scalable-ecommerce-platform/internal/services/product.go:62.101,70.16 6 3
github.com/aaravmahajanofficial/scalable-ecommerce-platform/internal/services/product.go:70.16,74.36 3 2
github.com/aaravmahajanofficial/scalable-ecommerce-platform/internal/services/product.go:74.36,76.4 1 1
github.com/aaravmahajanofficial/scalable-ecommerce-platform/internal/services/product.go:78.3,78.78 1 1
github.com/aaravmahajanofficial/scalable-ecommerce-platform/internal/services/product.go:81.2,81.21 1 1
github.com/aaravmahajanofficial/scalable-ecommerce-platform/internal/services/product.go:84.134,92.16 6 3
github.com/aaravmahajanofficial/scalable-ecommerce-platform/internal/services/product.go:92.16,97.3 3 1
github.com/aaravmahajanofficial/scalable-ecommerce-platform/internal/services/product.go:99.2,99.27 1 2
github.com/aaravmahajanofficial/scalable-ecommerce-platform/internal/services/product.go:99.27,101.3 1 2
github.com/aaravmahajanofficial/scalable-ecommerce-platform/internal/services/product.go:103.2,103.21 1 2
github.com/aaravmahajanofficial/scalable-ecommerce-platform/internal/services/product.go:103.21,105.3 1 2
github.com/aaravmahajanofficial/scalable-ecommerce-platform/internal/services/product.go:107.2,107.28 1 2
github.com/aaravmahajanofficial/scalable-ecommerce-platform/internal/services/product.go:107.28,109.3 1 2
github.com/aaravmahajanofficial/scalable-ecommerce-platform/internal/services/product.go:111.2,111.22 1 2
github.com/aaravmahajanofficial/scalable-ecommerce-platform/internal/services/product.go:111.22,113.3 1 2
github.com/aaravmahajanofficial/scalable-ecommerce-platform/internal/services/product.go:115.2,115.30 1 2
github.com/aaravmahajanofficial/scalable-ecommerce-platform/internal/services/product.go:115.30,117.3 1 2
github.com/aaravmahajanofficial/scalable-ecommerce-platform/internal/services/product.go:119.2,119.23 1 2
github.com/aaravmahajanofficial/scalable-ecommerce-platform/internal/services/product.go:119.23,121.3 1 2
github.com/aaravmahajanofficial/scalable-ecommerce-platform/internal/services/product.go:123.2,124.16 2 2
github.com/aaravmahajanofficial/scalable-ecommerce-platform/internal/services/product.go:124.16,129.3 3 1
github.com/aaravmahajanofficial/scalable-ecommerce-platform/internal/services/product.go:131.2,131.21 1 1
github.com/aaravmahajanofficial/scalable-ecommerce-platform/internal/services/product.go:135.112,143.16 6 3
github.com/aaravmahajanofficial/scalable-ecommerce-platform/internal/services/product.go:143.16,148.3 3 1
github.com/aaravmahajanofficial/scalable-ecommerce-platform/internal/services/product.go:150.2,150.21 1 2
github.com/aaravmahajanofficial/scalable-ecommerce-platform/internal/services/product.go:150.21,152.3 1 1
github.com/aaravmahajanofficial/scalable-ecommerce-platform/internal/services/product.go:154.2,154.29 1 1
github.com/aaravmahajanofficial/scalable-ecommerce-platform/internal/services/user.go:31.122,37.2 1 3
github.com/aaravmahajanofficial/scalable-ecommerce-platform/internal/services/user.go:39.104,41.16 2 3
github.com/aaravmahajanofficial/scalable-ecommerce-platform/internal/services/user.go:41.16,43.3 1 0
github.com/aaravmahajanofficial/scalable-ecommerce-platform/internal/services/user.go:45.2,45.25 1 3
github.com/aaravmahajanofficial/scalable-ecommerce-platform/internal/services/user.go:45.25,47.3 1 1
github.com/aaravmahajanofficial/scalable-ecommerce-platform/internal/services/user.go:50.2,51.16 2 2
github.com/aaravmahajanofficial/scalable-ecommerce-platform/internal/services/user.go:51.16,53.3 1 0
github.com/aaravmahajanofficial/scalable-ecommerce-platform/internal/services/user.go:55.2,62.16 3 2
github.com/aaravmahajanofficial/scalable-ecommerce-platform/internal/services/user.go:62.16,64.3 1 1
github.com/aaravmahajanofficial/scalable-ecommerce-platform/internal/services/user.go:66.2,66.18 1 1
github.com/aaravmahajanofficial/scalable-ecommerce-platform/internal/services/user.go:69.107,79.16 6 4
github.com/aaravmahajanofficial/scalable-ecommerce-platform/internal/services/user.go:79.16,81.3 1 0
github.com/aaravmahajanofficial/scalable-ecommerce-platform/internal/services/user.go:83.2,83.14 1 4
github.com/aaravmahajanofficial/scalable-ecommerce-platform/internal/services/user.go:83.14,89.3 1 1
github.com/aaravmahajanofficial/scalable-ecommerce-platform/internal/services/user.go:92.2,93.101 2 3
github.com/aaravmahajanofficial/scalable-ecommerce-platform/internal/services/user.go:93.101,99.3 1 2
github.com/aaravmahajanofficial/scalable-ecommerce-platform/internal/services/user.go:101.2,114.16 4 1
github.com/aaravmahajanofficial/scalable-ecommerce-platform/internal/services/user.go:114.16,116.3 1 0
github.com/aaravmahajanofficial/scalable-ecommerce-platform/internal/services/user.go:118.2,122.8 1 1
github.com/aaravmahajanofficial/scalable-ecommerce-platform/internal/services/user.go:125.92,127.16 2 2
github.com/aaravmahajanofficial/scalable-ecommerce-platform/internal/services/user.go:127.16,129.3 1 1
github.com/aaravmahajanofficial/scalable-ecommerce-platform/internal/services/user.go:132.2,132.18 1 1
